Vivado Simulator 2020.1
Time resolution is 1 ps
XilinxAXIVIP: Found at Path: tb_Ultra96.Ultra96.uart_test_wrapper.UART_TEST_i.zynq.inst.S_AXI_ACP.slave
[0] : *ZYNQ_MPSoC_BFM_INFO : S_AXI_ACP : Port is DISABLED.
XilinxAXIVIP: Found at Path: tb_Ultra96.Ultra96.uart_test_wrapper.UART_TEST_i.zynq.inst.S_AXI_ACE.slave
[0] : *ZYNQ_MPSoC_BFM_INFO : S_AXI_ACE : Port is DISABLED.
XilinxAXIVIP: Found at Path: tb_Ultra96.Ultra96.uart_test_wrapper.UART_TEST_i.zynq.inst.S_AXI_HPC0_FPD.slave
[0] : *ZYNQ_MPSoC_BFM_INFO : S_AXI_GP0 : Port is DISABLED.
XilinxAXIVIP: Found at Path: tb_Ultra96.Ultra96.uart_test_wrapper.UART_TEST_i.zynq.inst.S_AXI_HPC1_FPD.slave
[0] : *ZYNQ_MPSoC_BFM_INFO : S_AXI_GP1 : Port is DISABLED.
XilinxAXIVIP: Found at Path: tb_Ultra96.Ultra96.uart_test_wrapper.UART_TEST_i.zynq.inst.S_AXI_HP0_FPD.slave
[0] : *ZYNQ_MPSoC_BFM_INFO : S_AXI_GP2 : Port is DISABLED.
XilinxAXIVIP: Found at Path: tb_Ultra96.Ultra96.uart_test_wrapper.UART_TEST_i.zynq.inst.S_AXI_HP1_FPD.slave
[0] : *ZYNQ_MPSoC_BFM_INFO : S_AXI_GP3 : Port is DISABLED.
XilinxAXIVIP: Found at Path: tb_Ultra96.Ultra96.uart_test_wrapper.UART_TEST_i.zynq.inst.S_AXI_HP2_FPD.slave
[0] : *ZYNQ_MPSoC_BFM_INFO : S_AXI_GP4 : Port is DISABLED.
XilinxAXIVIP: Found at Path: tb_Ultra96.Ultra96.uart_test_wrapper.UART_TEST_i.zynq.inst.S_AXI_HP3_FPD.slave
[0] : *ZYNQ_MPSoC_BFM_INFO : S_AXI_GP5 : Port is DISABLED.
XilinxAXIVIP: Found at Path: tb_Ultra96.Ultra96.uart_test_wrapper.UART_TEST_i.zynq.inst.S_AXI_HPM0_LPD.slave
[0] : *ZYNQ_MPSoC_BFM_INFO : S_AXI_GP6 : Port is DISABLED.
XilinxAXIVIP: Found at Path: tb_Ultra96.Ultra96.uart_test_wrapper.UART_TEST_i.zynq.inst.M_AXI_HPM0_FPD.master
[0] : *ZYNQ_MPSoC_BFM_INFO : M_AXI_GP0 : Port is ENABLED.
XilinxAXIVIP: Found at Path: tb_Ultra96.Ultra96.uart_test_wrapper.UART_TEST_i.zynq.inst.M_AXI_HPM1_FPD.master
[0] : *ZYNQ_MPSoC_BFM_INFO : M_AXI_GP1 : Port is DISABLED.
XilinxAXIVIP: Found at Path: tb_Ultra96.Ultra96.uart_test_wrapper.UART_TEST_i.zynq.inst.M_AXI_HPM0_LPD.master
[0] : *ZYNQ_MPSoC_BFM_INFO : M_AXI_GP2 : Port is DISABLED.
WARNING: 5 ns tb_Ultra96.Ultra96.uart_test_wrapper.UART_TEST_i.zynq.inst.M_AXI_HPM0_FPD.master.IF : ARESET_N can't be X/Z after 1 cycle of clock. To downgrade, use <hierarchy_path to VIP>.IF.set_enable_xchecks_to_warn(), or filter using clr_enable_xchecks.
Executing Axi4 End Of Simulation checks
Executing Axi4 End Of Simulation checks
Executing Axi4 End Of Simulation checks
Executing Axi4 End Of Simulation checks
Executing Axi4 End Of Simulation checks
Executing Axi4 End Of Simulation checks
Executing Axi4 End Of Simulation checks
Executing Axi4 End Of Simulation checks
Executing Axi4 End Of Simulation checks
Executing Axi4 End Of Simulation checks
Executing Axi4 End Of Simulation checks
Executing Axi4 End Of Simulation checks
